<?xml version="1.0" encoding="UTF-8"?>
<coverage generated="1649072438">
  <project timestamp="1649072438">
    <file name="/home/vivien/projects/modelo-bundle/src/DependencyInjection/Configuration.php">
      <class name="Choosit\ModeloBundle\DependencyInjection\Configuration" namespace="global">
        <metrics complexity="1" methods="1" coveredmethods="1" conditionals="0" coveredconditionals="0" statements="14" coveredstatements="14" elements="15" coveredelements="15"/>
      </class>
      <line num="11" type="method" name="getConfigTreeBuilder" visibility="public" complexity="1" crap="1" count="2"/>
      <line num="13" type="stmt" count="2"/>
      <line num="16" type="stmt" count="2"/>
      <line num="17" type="stmt" count="2"/>
      <line num="18" type="stmt" count="2"/>
      <line num="19" type="stmt" count="2"/>
      <line num="20" type="stmt" count="2"/>
      <line num="21" type="stmt" count="2"/>
      <line num="22" type="stmt" count="2"/>
      <line num="23" type="stmt" count="2"/>
      <line num="24" type="stmt" count="2"/>
      <line num="25" type="stmt" count="2"/>
      <line num="26" type="stmt" count="2"/>
      <line num="27" type="stmt" count="2"/>
      <line num="29" type="stmt" count="2"/>
      <metrics loc="32" ncloc="32" classes="1" methods="1" coveredmethods="1" conditionals="0" coveredconditionals="0" statements="14" coveredstatements="14" elements="15" coveredelements="15"/>
    </file>
    <file name="/home/vivien/projects/modelo-bundle/src/DependencyInjection/ModeloHttpClientExtension.php">
      <class name="Choosit\ModeloBundle\DependencyInjection\ModeloHttpClientExtension" namespace="global">
        <metrics complexity="6" methods="4" coveredmethods="3" conditionals="0" coveredconditionals="0" statements="16" coveredstatements="14" elements="20" coveredelements="17"/>
      </class>
      <line num="17" type="method" name="load" visibility="public" complexity="1" crap="1" count="2"/>
      <line num="19" type="stmt" count="2"/>
      <line num="20" type="stmt" count="2"/>
      <line num="22" type="stmt" count="2"/>
      <line num="24" type="stmt" count="2"/>
      <line num="27" type="method" name="registerModeloConfiguration" visibility="private" complexity="3" crap="3.10" count="2"/>
      <line num="29" type="stmt" count="2"/>
      <line num="31" type="stmt" count="2"/>
      <line num="32" type="stmt" count="0"/>
      <line num="35" type="stmt" count="2"/>
      <line num="37" type="stmt" count="2"/>
      <line num="39" type="stmt" count="0"/>
      <line num="42" type="stmt" count="2"/>
      <line num="43" type="stmt" count="2"/>
      <line num="44" type="stmt" count="2"/>
      <line num="47" type="method" name="registerServiceDefinitions" visibility="private" complexity="1" crap="1" count="2"/>
      <line num="49" type="stmt" count="2"/>
      <line num="50" type="stmt" count="2"/>
      <line num="53" type="method" name="getAlias" visibility="public" complexity="1" crap="1" count="2"/>
      <line num="55" type="stmt" count="2"/>
      <metrics loc="58" ncloc="55" classes="1" methods="4" coveredmethods="3" conditionals="0" coveredconditionals="0" statements="16" coveredstatements="14" elements="20" coveredelements="17"/>
    </file>
    <file name="/home/vivien/projects/modelo-bundle/src/Exception/AuthKeyMissingException.php">
      <class name="Choosit\ModeloBundle\Exception\AuthKeyMissingException" namespace="global">
        <metrics complexity="1" methods="1" coveredmethods="1" conditionals="0" coveredconditionals="0" statements="2" coveredstatements="2" elements="3" coveredelements="3"/>
      </class>
      <line num="9" type="method" name="__construct" visibility="public" complexity="1" crap="1" count="2"/>
      <line num="11" type="stmt" count="2"/>
      <line num="12" type="stmt" count="2"/>
      <metrics loc="15" ncloc="15" classes="1" methods="1" coveredmethods="1" conditionals="0" coveredconditionals="0" statements="2" coveredstatements="2" elements="3" coveredelements="3"/>
    </file>
    <file name="/home/vivien/projects/modelo-bundle/src/Exception/AuthenticateException.php">
      <class name="Choosit\ModeloBundle\Exception\AuthenticateException" namespace="global">
        <metrics complexity="0" methods="0" coveredmethods="0" conditionals="0" coveredconditionals="0" statements="0" coveredstatements="0" elements="0" coveredelements="0"/>
      </class>
      <metrics loc="10" ncloc="10" classes="0" methods="0" coveredmethods="0" conditionals="0" coveredconditionals="0" statements="0" coveredstatements="0" elements="0" coveredelements="0"/>
    </file>
    <file name="/home/vivien/projects/modelo-bundle/src/Exception/HttpException.php">
      <class name="Choosit\ModeloBundle\Exception\HttpException" namespace="global">
        <metrics complexity="1" methods="1" coveredmethods="1" conditionals="0" coveredconditionals="0" statements="2" coveredstatements="2" elements="3" coveredelements="3"/>
      </class>
      <line num="9" type="method" name="__construct" visibility="public" complexity="1" crap="1" count="1"/>
      <line num="11" type="stmt" count="1"/>
      <line num="13" type="stmt" count="1"/>
      <metrics loc="15" ncloc="15" classes="1" methods="1" coveredmethods="1" conditionals="0" coveredconditionals="0" statements="2" coveredstatements="2" elements="3" coveredelements="3"/>
    </file>
    <file name="/home/vivien/projects/modelo-bundle/src/Exception/ModelNotFound.php">
      <class name="Choosit\ModeloBundle\Exception\ModelNotFound" namespace="global">
        <metrics complexity="0" methods="0" coveredmethods="0" conditionals="0" coveredconditionals="0" statements="0" coveredstatements="0" elements="0" coveredelements="0"/>
      </class>
      <metrics loc="10" ncloc="10" classes="0" methods="0" coveredmethods="0" conditionals="0" coveredconditionals="0" statements="0" coveredstatements="0" elements="0" coveredelements="0"/>
    </file>
    <file name="/home/vivien/projects/modelo-bundle/src/Exception/SimpleXmlLoadStringException.php">
      <class name="Choosit\ModeloBundle\Exception\SimpleXmlLoadStringException" namespace="global">
        <metrics complexity="1" methods="1" coveredmethods="0" conditionals="0" coveredconditionals="0" statements="2" coveredstatements="0" elements="3" coveredelements="0"/>
      </class>
      <line num="9" type="method" name="__construct" visibility="public" complexity="1" crap="2" count="0"/>
      <line num="11" type="stmt" count="0"/>
      <line num="12" type="stmt" count="0"/>
      <metrics loc="15" ncloc="15" classes="1" methods="1" coveredmethods="0" conditionals="0" coveredconditionals="0" statements="2" coveredstatements="0" elements="3" coveredelements="0"/>
    </file>
    <file name="/home/vivien/projects/modelo-bundle/src/Exception/UnexpectedException.php">
      <class name="Choosit\ModeloBundle\Exception\UnexpectedException" namespace="global">
        <metrics complexity="0" methods="0" coveredmethods="0" conditionals="0" coveredconditionals="0" statements="0" coveredstatements="0" elements="0" coveredelements="0"/>
      </class>
      <metrics loc="10" ncloc="10" classes="0" methods="0" coveredmethods="0" conditionals="0" coveredconditionals="0" statements="0" coveredstatements="0" elements="0" coveredelements="0"/>
    </file>
    <file name="/home/vivien/projects/modelo-bundle/src/ModeloBundle.php">
      <class name="Choosit\ModeloBundle\ModeloBundle" namespace="global">
        <metrics complexity="3" methods="2" coveredmethods="0" conditionals="0" coveredconditionals="0" statements="4" coveredstatements="0" elements="6" coveredelements="0"/>
      </class>
      <line num="10" type="method" name="getPath" visibility="public" complexity="1" crap="2" count="0"/>
      <line num="12" type="stmt" count="0"/>
      <line num="15" type="method" name="getContainerExtension" visibility="public" complexity="2" crap="6" count="0"/>
      <line num="17" type="stmt" count="0"/>
      <line num="18" type="stmt" count="0"/>
      <line num="21" type="stmt" count="0"/>
      <metrics loc="24" ncloc="24" classes="1" methods="2" coveredmethods="0" conditionals="0" coveredconditionals="0" statements="4" coveredstatements="0" elements="6" coveredelements="0"/>
    </file>
    <file name="/home/vivien/projects/modelo-bundle/src/Service/ModeloHttpClient.php">
      <class name="Choosit\ModeloBundle\Service\ModeloHttpClient" namespace="global">
        <metrics complexity="46" methods="16" coveredmethods="7" conditionals="0" coveredconditionals="0" statements="80" coveredstatements="59" elements="96" coveredelements="66"/>
      </class>
      <line num="32" type="method" name="getModeloBaseUri" visibility="public" complexity="1" crap="2" count="0"/>
      <line num="34" type="stmt" count="0"/>
      <line num="40" type="method" name="setModeloBaseUri" visibility="public" complexity="1" crap="2" count="0"/>
      <line num="42" type="stmt" count="0"/>
      <line num="53" type="method" name="__construct" visibility="public" complexity="1" crap="1" count="15"/>
      <line num="55" type="stmt" count="15"/>
      <line num="56" type="stmt" count="15"/>
      <line num="57" type="stmt" count="15"/>
      <line num="65" type="method" name="setAuthKey" visibility="public" complexity="3" crap="3" count="15"/>
      <line num="67" type="stmt" count="15"/>
      <line num="68" type="stmt" count="13"/>
      <line num="75" type="method" name="getAuthKey" visibility="public" complexity="2" crap="2" count="14"/>
      <line num="77" type="stmt" count="14"/>
      <line num="78" type="stmt" count="2"/>
      <line num="81" type="stmt" count="12"/>
      <line num="102" type="method" name="createContract" visibility="public" complexity="3" crap="3" count="4"/>
      <line num="104" type="stmt" count="4"/>
      <line num="106" type="stmt" count="4"/>
      <line num="107" type="stmt" count="2"/>
      <line num="108" type="stmt" count="2"/>
      <line num="111" type="stmt" count="2"/>
      <line num="126" type="method" name="getModelIdByNameAndType" visibility="public" complexity="7" crap="7" count="7"/>
      <line num="128" type="stmt" count="7"/>
      <line num="129" type="stmt" count="7"/>
      <line num="131" type="stmt" count="7"/>
      <line num="132" type="stmt" count="7"/>
      <line num="135" type="stmt" count="7"/>
      <line num="136" type="stmt" count="3"/>
      <line num="139" type="stmt" count="4"/>
      <line num="141" type="stmt" count="4"/>
      <line num="142" type="stmt" count="4"/>
      <line num="144" type="stmt" count="4"/>
      <line num="145" type="stmt" count="4"/>
      <line num="146" type="stmt" count="4"/>
      <line num="147" type="stmt" count="2"/>
      <line num="152" type="stmt" count="4"/>
      <line num="168" type="method" name="getContractFilledContent" visibility="public" complexity="2" crap="2.03" count="1"/>
      <line num="170" type="stmt" count="1"/>
      <line num="171" type="stmt" count="1"/>
      <line num="176" type="stmt" count="1"/>
      <line num="177" type="stmt" count="0"/>
      <line num="180" type="stmt" count="1"/>
      <line num="197" type="method" name="getAllModelFields" visibility="public" complexity="2" crap="2.03" count="1"/>
      <line num="199" type="stmt" count="1"/>
      <line num="200" type="stmt" count="1"/>
      <line num="204" type="stmt" count="1"/>
      <line num="205" type="stmt" count="0"/>
      <line num="208" type="stmt" count="1"/>
      <line num="229" type="method" name="createContractByModelId" visibility="private" complexity="5" crap="5.03" count="2"/>
      <line num="231" type="stmt" count="2"/>
      <line num="232" type="stmt" count="2"/>
      <line num="234" type="stmt" count="2"/>
      <line num="235" type="stmt" count="2"/>
      <line num="237" type="stmt" count="2"/>
      <line num="238" type="stmt" count="2"/>
      <line num="243" type="stmt" count="2"/>
      <line num="247" type="stmt" count="2"/>
      <line num="248" type="stmt" count="0"/>
      <line num="251" type="stmt" count="2"/>
      <line num="271" type="method" name="updateContract" visibility="public" complexity="3" crap="12" count="0"/>
      <line num="273" type="stmt" count="0"/>
      <line num="275" type="stmt" count="0"/>
      <line num="276" type="stmt" count="0"/>
      <line num="281" type="stmt" count="0"/>
      <line num="285" type="stmt" count="0"/>
      <line num="286" type="stmt" count="0"/>
      <line num="289" type="stmt" count="0"/>
      <line num="307" type="method" name="disableContract" visibility="public" complexity="2" crap="6" count="0"/>
      <line num="309" type="stmt" count="0"/>
      <line num="310" type="stmt" count="0"/>
      <line num="315" type="stmt" count="0"/>
      <line num="316" type="stmt" count="0"/>
      <line num="319" type="stmt" count="0"/>
      <line num="321" type="stmt" count="0"/>
      <line num="332" type="method" name="getGenericParams" visibility="private" complexity="1" crap="1" count="9"/>
      <line num="335" type="stmt" count="9"/>
      <line num="348" type="method" name="processError" visibility="private" complexity="5" crap="5" count="3"/>
      <line num="351" type="stmt" count="3"/>
      <line num="352" type="stmt" count="2"/>
      <line num="353" type="stmt" count="2"/>
      <line num="354" type="stmt" count="2"/>
      <line num="356" type="stmt" count="1"/>
      <line num="369" type="method" name="processXmlErrorResponse" visibility="private" complexity="6" crap="6.40" count="2"/>
      <line num="371" type="stmt" count="2"/>
      <line num="372" type="stmt" count="2"/>
      <line num="374" type="stmt" count="2"/>
      <line num="375" type="stmt" count="1"/>
      <line num="376" type="stmt" count="1"/>
      <line num="377" type="stmt" count="1"/>
      <line num="378" type="stmt" count="1"/>
      <line num="380" type="stmt" count="0"/>
      <line num="383" type="stmt" count="0"/>
      <line num="392" type="method" name="processXmlResponse" visibility="private" complexity="2" crap="2.15" count="6"/>
      <line num="394" type="stmt" count="6"/>
      <line num="395" type="stmt" count="0"/>
      <line num="398" type="stmt" count="6"/>
      <metrics loc="400" ncloc="239" classes="1" methods="16" coveredmethods="7" conditionals="0" coveredconditionals="0" statements="80" coveredstatements="59" elements="96" coveredelements="66"/>
    </file>
    <file name="/home/vivien/projects/modelo-bundle/src/Service/ModeloHttpClientInterface.php">
      <metrics loc="46" ncloc="40" classes="0" methods="0" coveredmethods="0" conditionals="0" coveredconditionals="0" statements="0" coveredstatements="0" elements="0" coveredelements="0"/>
    </file>
    <file name="/home/vivien/projects/modelo-bundle/src/Utils/XmlProcessor.php">
      <class name="Choosit\ModeloBundle\Utils\XmlProcessor" namespace="global">
        <metrics complexity="9" methods="2" coveredmethods="1" conditionals="0" coveredconditionals="0" statements="10" coveredstatements="5" elements="12" coveredelements="6"/>
      </class>
      <line num="9" type="method" name="simpleXmlObjectToArray" visibility="public" complexity="4" crap="4" count="8"/>
      <line num="11" type="stmt" count="8"/>
      <line num="12" type="stmt" count="8"/>
      <line num="13" type="stmt" count="6"/>
      <line num="14" type="stmt" count="8"/>
      <line num="17" type="stmt" count="8"/>
      <line num="29" type="method" name="arrayToXML" visibility="public" complexity="5" crap="30" count="0"/>
      <line num="31" type="stmt" count="0"/>
      <line num="32" type="stmt" count="0"/>
      <line num="33" type="stmt" count="0"/>
      <line num="35" type="stmt" count="0"/>
      <line num="39" type="stmt" count="0"/>
      <metrics loc="42" ncloc="33" classes="1" methods="2" coveredmethods="1" conditionals="0" coveredconditionals="0" statements="10" coveredstatements="5" elements="12" coveredelements="6"/>
    </file>
    <metrics files="12" loc="677" ncloc="498" classes="8" methods="28" coveredmethods="14" conditionals="0" coveredconditionals="0" statements="130" coveredstatements="96" elements="158" coveredelements="110"/>
  </project>
</coverage>
